18360: 16:43:50.072 - ---
18360: 16:43:50.072 - Service: "Photon Socket Server" starting
18360: 16:43:50.072 - Config File: C:\Users\SRHD\Desktop\Git\ServerWk2\Photon-OnPremise-Server-Plugin-SDK_v4-0-29-11263\deploy\bin_Win64\PhotonServer.config
18360: 16:43:50.077 - Will produce at most: 10 crash dumps
18360: 16:43:50.077 - Action: run as exe
18360: 16:43:50.077 - Server Starting...
18360: 16:43:50.077 -    Tick count: 18065796 (wraps in: 49.5012 days)
18360: 16:43:50.077 - Tick count 64: 18065796
18360: 16:43:50.077 - Photon Version: 4.0.28.2962
18360: 16:43:50.077 - PID: 11836
18360: 16:43:50.077 - Config File: C:\Users\SRHD\Desktop\Git\ServerWk2\Photon-OnPremise-Server-Plugin-SDK_v4-0-29-11263\deploy\bin_Win64\PhotonServer.config
18360: 16:43:50.078 - Will NOT log unimportant exceptions
18360: 16:43:50.079 - Not using performance counters as they are not currently installed. Run the service with /InstallCounters to install them.
18360: 16:43:50.079 - Shutdown timeout enabled: 30000ms
18360: 16:43:50.080 - Starting I/O thread pool with 2 threads
18360: 16:43:50.080 - Using Standard allocator
18360: 16:43:50.080 - Max message size: 512000
18360: 16:43:50.080 - Starting business logic thread pool with the following settings
18360: 16:43:50.080 - InitialThreads: 4 threads
18360: 16:43:50.080 - MinThreads: 4 threads
18360: 16:43:50.080 - Thread pool is fixed size
18360: 16:43:50.080 - Starting ENet thread pool with the following settings
18360: 16:43:50.080 - InitialThreads: 2 threads
18360: 16:43:50.080 - MinThreads: 2 threads
18360: 16:43:50.080 - Thread pool is fixed size
18360: 16:43:50.080 - OnlyDispatchTimers: False
18360: 16:43:50.080 - S2S: flow control: Max pending writes: 50
18360: 16:43:50.080 - S2S: flow control: Max queued buffers: 200
18360: 16:43:50.080 - S2S: flow control: Max pending writes MUX: 500
18360: 16:43:50.080 - S2S: flow control: Max queued buffers MUX: 2000
18360: 16:43:50.080 - S2S: MaxInboundMessageSize: 512000
18360: 16:43:50.080 - S2S: MaxOutboundMessageSize: 512000
18360: 16:43:50.080 - S2S: No inactivity timeout
18360: 16:43:50.083 - WebSocket S2S: MaxInboundMessageSize: 512000
18360: 16:43:50.083 - WebSocket S2S: MaxOutboundMessageSize: 512000
18360: 16:43:50.083 - WebSocket S2S: No inactivity timeout
18360: 16:43:50.083 - Max Reliable Data In Transit (awaiting ACKs) per peer : 51200 bytes
18360: 16:43:50.083 - Per peer bandwidth limit
18360: 16:43:50.083 - Transmit Rate Limit: 256 KB/Sec
18360: 16:43:50.083 - Limit period: 200ms
18360: 16:43:50.083 - Limit per period: 52428 bytes
18360: 16:43:50.083 - Max queued data for transmission per peer: 512000 bytes
18360: 16:43:50.083 - Minimum retransmit timeout: 200
18360: 16:43:50.083 - No Maximum retransmit timeout
18360: 16:43:50.083 - Minimum ENet timeout: 5000ms
18360: 16:43:50.083 - Maximum ENet timeout: 30000ms
18360: 16:43:50.083 - Max Inbound Reliable Data Queued (awaiting resends of earlier sequence numbers) per peer : 163840 bytes
18360: 16:43:50.083 - No RTT ACK adjustment timeout
18360: 16:43:50.083 - Outbound ENet: MaxInboundMessageSize: 512000
18360: 16:43:50.083 - Outbound ENet: MaxOutboundMessageSize: 512000
18360: 16:43:50.085 - GetRuntime - About to load CLR - versions available:
18360: 16:43:50.085 - v2.0.50727
18360: 16:43:50.085 - v4.0.30319
18360: 16:43:50.085 - Configuration requests: "v2.0.50727"
18360: 16:43:50.085 - About to load version: "v2.0.50727"
18360: 16:43:50.123 - About to load runtime: PhotonHostRuntime.PhotonDomainManager from PhotonHostRuntime, Culture=neutral, PublicKeyToken=02C301B61B060C4D
18360: 16:43:50.123 - CLRBaseDirectory set to "C:\Users\SRHD\Desktop\Git\ServerWk2\Photon-OnPremise-Server-Plugin-SDK_v4-0-29-11263\deploy"
18360: 16:43:50.123 - Optimising event broadcast for 20 or more peers
18360: 16:43:50.124 - Start: About to load CLR - versions available:
18360: 16:43:50.124 - v2.0.50727
18360: 16:43:50.124 - v4.0.30319
18360: 16:43:50.124 - No preference in configuration file, will load latest.
18360: 16:43:50.124 - About to load version: "v4.0.30319"
18360: 16:43:50.125 - Loaded version: "v4.0.30319"
18360: 16:43:50.246 - Photon host runtime loaded
18360: 16:43:51.778 - LICENSE: No license file was found. Starting with Bootstrap License.
18360: 16:43:51.781 - License is valid.
18360: 16:43:51.781 - Licensed for 20 concurrent connections.
18360: 16:43:51.781 - ENet: Max Reliable Data In Transit (awaiting ACKs) per peer : 51200 bytes
18360: 16:43:51.781 - ENet: Per peer bandwidth limit
18360: 16:43:51.781 - ENet: Transmit Rate Limit: 256 KB/Sec
18360: 16:43:51.781 - ENet: Limit period: 200ms
18360: 16:43:51.781 - ENet: Limit per period: 52428 bytes
18360: 16:43:51.781 - ENet: Max queued data for transmission per peer: 512000 bytes
18360: 16:43:51.781 - ENet: Minimum retransmit timeout: 200
18360: 16:43:51.781 - No Maximum retransmit timeout
18360: 16:43:51.781 - ENet: Minimum timeout: 5000ms
18360: 16:43:51.781 - ENet: Maximum timeout: 30000ms
18360: 16:43:51.781 - ENet: Max Inbound Reliable Data Queued (awaiting resends of earlier sequence numbers) per peer : 163840 bytes
18360: 16:43:51.781 - No RTT ACK adjustment timeout
18360: 16:43:51.781 - About to load application: Master from Photon.LoadBalancing
18360: 16:43:51.781 - Auto restart is enabled for application, existing connections will be terminated during restart
18360: 16:43:51.781 - Application will restart 1000ms after the last change detected
18360: 16:43:51.781 - Application will restart if files matching the following are changed: "dll;config"
18360: 16:43:51.781 - Application will NOT restart if files matching the following are changed: "log4net.config"
18360: 16:43:51.934 - Taking reference on default app domain
18360: 16:43:52.148 - Application: "Master" started in app domain: 2
18360: 16:43:52.148 - About to load application: Game from Photon.LoadBalancing
18360: 16:43:52.148 - Auto restart is enabled for application, existing connections will be terminated during restart
18360: 16:43:52.148 - Application will restart 1000ms after the last change detected
18360: 16:43:52.148 - Application will restart if files matching the following are changed: "dll;config"
18360: 16:43:52.148 - Application will NOT restart if files matching the following are changed: "log4net.config"
18360: 16:43:52.293 - Taking reference on default app domain
18360: 16:43:52.616 - Application: "Game" started in app domain: 3
18360: 16:43:52.616 - About to load application: CounterPublisher from CounterPublisher
18360: 16:43:52.616 - Auto restart is enabled for application, existing connections will be terminated during restart
18360: 16:43:52.616 - Application will restart 1000ms after the last change detected
18360: 16:43:52.616 - Application will restart if files matching the following are changed: "dll;config"
18360: 16:43:52.616 - Application will NOT restart if files matching the following are changed: "log4net.config"
18360: 16:43:52.753 - Taking reference on default app domain
18360: 16:43:52.917 - Application: "CounterPublisher" started in app domain: 4
18360: 16:43:52.917 - Adding TCP listener on: 0.0.0.0: 4530 with a listen backlog of: 150
18360: 16:43:52.917 - TCP inactivity timeout: 10000ms
18360: 16:43:52.917 - TCP disconnect timeout: 120000ms
18360: 16:43:52.917 - MaxInboundMessageSize: 512000
18360: 16:43:52.917 - MaxOutboundMessageSize: 512000
18360: 16:43:52.917 - Forcing all applications ids to: "Master"
18360: 16:43:52.917 - Serving policy file requests from: "C:\Users\SRHD\Desktop\Git\ServerWk2\Photon-OnPremise-Server-Plugin-SDK_v4-0-29-11263\deploy\Policy\assets\socket-policy.xml"
18360: 16:43:52.917 - Adding TCP listener on: 0.0.0.0: 4531 with a listen backlog of: 150
18360: 16:43:52.917 - TCP inactivity timeout: 10000ms
18360: 16:43:52.917 - TCP disconnect timeout: 120000ms
18360: 16:43:52.918 - MaxInboundMessageSize: 512000
18360: 16:43:52.918 - MaxOutboundMessageSize: 512000
18360: 16:43:52.918 - Forcing all applications ids to: "Game"
18360: 16:43:52.918 - Serving policy file requests from: "C:\Users\SRHD\Desktop\Git\ServerWk2\Photon-OnPremise-Server-Plugin-SDK_v4-0-29-11263\deploy\Policy\assets\socket-policy.xml"
18360: 16:43:52.918 - Adding TCP listener on: 0.0.0.0: 4520 with a listen backlog of: 150
18360: 16:43:52.918 - TCP inactivity timeout: 5000ms
18360: 16:43:52.918 - TCP disconnect timeout: 120000ms
18360: 16:43:52.918 - MaxInboundMessageSize: 512000
18360: 16:43:52.918 - MaxOutboundMessageSize: 512000
18360: 16:43:52.918 - Forcing all applications ids to: "Master"
18360: 16:43:52.918 - MaxInboundMessageSize: 512000
18360: 16:43:52.918 - MaxOutboundMessageSize: 512000
18360: 16:43:52.918 - UDP address specified as: "0.0.0.0" adding listener to each available IPv4 address
18360: 16:43:52.918 - Adding UDP listener on: 192.168.1.227: 5055 with a listen backlog of: 500
18360: 16:43:52.919 - Adding UDP listener on: 127.0.0.1: 5055 with a listen backlog of: 500
18360: 16:43:52.919 - Forcing all applications ids to: "Game"
18360: 16:43:52.919 - MaxInboundMessageSize: 512000
18360: 16:43:52.919 - MaxOutboundMessageSize: 512000
18360: 16:43:52.919 - UDP address specified as: "0.0.0.0" adding listener to each available IPv4 address
18360: 16:43:52.919 - Adding UDP listener on: 192.168.1.227: 5056 with a listen backlog of: 500
18360: 16:43:52.919 - Adding UDP listener on: 127.0.0.1: 5056 with a listen backlog of: 500
18360: 16:43:52.919 - Adding WebSocket TCP listener on: 0.0.0.0: 9090 with a listen backlog of: 150
18360: 16:43:52.919 - Nagle disabled
18360: 16:43:52.919 - TCP inactivity timeout: 10000ms
18360: 16:43:52.919 - MaxInboundMessageSize: 512000
18360: 16:43:52.919 - MaxOutboundMessageSize: 512000
18360: 16:43:52.919 - Forcing all applications ids to: "Master"
18360: 16:43:52.919 - Will accept ANY sub-protocols from the client
18360: 16:43:52.919 - No automatic WebSocket ping
18360: 16:43:52.919 - Adding WebSocket TCP listener on: 0.0.0.0: 9091 with a listen backlog of: 150
18360: 16:43:52.919 - Nagle disabled
18360: 16:43:52.919 - TCP inactivity timeout: 10000ms
18360: 16:43:52.919 - MaxInboundMessageSize: 512000
18360: 16:43:52.919 - MaxOutboundMessageSize: 512000
18360: 16:43:52.919 - Forcing all applications ids to: "Game"
18360: 16:43:52.919 - Will accept ANY sub-protocols from the client
18360: 16:43:52.919 - No automatic WebSocket ping
18360: 16:43:52.919 - Adding Policy File listener on: 0.0.0.0: 843 with a listen backlog of: 150 and serving Policy File: "C:\Users\SRHD\Desktop\Git\ServerWk2\Photon-OnPremise-Server-Plugin-SDK_v4-0-29-11263\deploy\Policy\assets\socket-policy.xml"
18360: 16:43:52.919 - TCP inactivity timeout: 1000ms
18360: 16:43:52.919 - Adding Policy File listener on: 0.0.0.0: 943 with a listen backlog of: 150 and serving Policy File: "C:\Users\SRHD\Desktop\Git\ServerWk2\Photon-OnPremise-Server-Plugin-SDK_v4-0-29-11263\deploy\Policy\assets\socket-policy-silverlight.xml"
18360: 16:43:52.919 - TCP inactivity timeout: 1000ms
18360: 16:43:52.945 - Service is running...
