2021-05-30 16:43:50,233 [ 1] INFO  PhotonHostRuntime.PhotonDomainManager - Initialize: ApplicationName = 'DefaultDomain', DomainID = '1'
2021-05-30 16:43:50,246 [ 1] INFO  PhotonHostRuntime.PhotonDomainManager - AppDomains with unhandled exceptions are usually not unloaded and restarted.
2021-05-30 16:43:50,248 [ 1] INFO  PhotonHostRuntime.PhotonDomainManager - Getting license information:
2021-05-30 16:43:50,593 [ 1] INFO  PhotonHostRuntime.PhotonLicensing - LICENSE: No license file was found - starting with Bootstrap License.
2021-05-30 16:43:50,594 [ 1] INFO  PhotonHostRuntime.PhotonLicensing - LICENSE: Expiration: never; floating license: no; max connections: 20; valid IPs: any
2021-05-30 16:43:51,786 [ 1] INFO  PhotonHostRuntime.PhotonDomainManager - CreateAppDomain: name = 'Master' , assemblyName = 'Photon.LoadBalancing'
2021-05-30 16:43:51,787 [ 1] INFO  PhotonHostRuntime.PhotonDomainManager -   ApplicationBase = 'C:\Users\SRHD\Desktop\Git\ServerWk2\Photon-OnPremise-Server-Plugin-SDK_v4-0-29-11263\deploy'
2021-05-30 16:43:51,787 [ 1] INFO  PhotonHostRuntime.PhotonDomainManager -   PrivateBinPath = 'C:\Users\SRHD\Desktop\Git\ServerWk2\Photon-OnPremise-Server-Plugin-SDK_v4-0-29-11263\deploy\LoadBalancing\Master\bin;bin_Win64;Shared;'
2021-05-30 16:43:51,787 [ 1] INFO  PhotonHostRuntime.PhotonDomainManager -   ConfigurationFile = 'C:\Users\SRHD\Desktop\Git\ServerWk2\Photon-OnPremise-Server-Plugin-SDK_v4-0-29-11263\deploy\LoadBalancing\Master\bin\Photon.LoadBalancing.dll.config'
2021-05-30 16:43:51,787 [ 1] INFO  PhotonHostRuntime.PhotonDomainManager -   CachePath = 'C:\Users\SRHD\Desktop\Git\ServerWk2\Photon-OnPremise-Server-Plugin-SDK_v4-0-29-11263\deploy\LoadBalancing\Master\bin\Cache'
2021-05-30 16:43:51,933 [ 1] INFO  PhotonHostRuntime.PhotonDomainManager -   ApplicationPath = 'C:\Users\SRHD\Desktop\Git\ServerWk2\Photon-OnPremise-Server-Plugin-SDK_v4-0-29-11263\deploy\LoadBalancing\Master'
2021-05-30 16:43:51,933 [ 1] INFO  PhotonHostRuntime.PhotonDomainManager -   BinaryPath = 'C:\Users\SRHD\Desktop\Git\ServerWk2\Photon-OnPremise-Server-Plugin-SDK_v4-0-29-11263\deploy\LoadBalancing\Master\bin'
2021-05-30 16:43:51,934 [ 1] INFO  PhotonHostRuntime.PhotonDomainManager -   ApplicationRootPath = 'C:\Users\SRHD\Desktop\Git\ServerWk2\Photon-OnPremise-Server-Plugin-SDK_v4-0-29-11263\deploy'
2021-05-30 16:43:51,934 [ 1] INFO  PhotonHostRuntime.PhotonDomainManager -   UnmanagedLogPath = 'C:\Users\SRHD\Desktop\Git\ServerWk2\Photon-OnPremise-Server-Plugin-SDK_v4-0-29-11263\deploy\bin_Win64\log'
2021-05-30 16:43:52,007 [ 1] INFO  PhotonHostRuntime.PhotonDomainManager - AssemblyLoadEvent: Photon.LoadBalancing, Version=4.0.28.11221, Culture=neutral, PublicKeyToken=null from file:///C:/Users/SRHD/Desktop/Git/ServerWk2/Photon-OnPremise-Server-Plugin-SDK_v4-0-29-11263/deploy/LoadBalancing/Master/bin/Photon.LoadBalancing.DLL
2021-05-30 16:43:52,007 [ 1] INFO  PhotonHostRuntime.PhotonDomainManager - Photon SDK:4.0.28.11245
2021-05-30 16:43:52,084 [ 1] INFO  PhotonHostRuntime.PhotonDomainManager - AssemblyLoadEvent: Photon.SocketServer, Version=4.0.28.11245, Culture=neutral, PublicKeyToken=48c2fa3b6988090e from file:///C:/Users/SRHD/Desktop/Git/ServerWk2/Photon-OnPremise-Server-Plugin-SDK_v4-0-29-11263/deploy/LoadBalancing/Master/bin/Photon.SocketServer.DLL
2021-05-30 16:43:52,130 [ 1] INFO  PhotonHostRuntime.PhotonDomainManager - AssemblyLoadEvent: ExitGamesLibs, Version=1.0.4.0, Culture=neutral, PublicKeyToken=eac0edd9746a4aa0 from file:///C:/Users/SRHD/Desktop/Git/ServerWk2/Photon-OnPremise-Server-Plugin-SDK_v4-0-29-11263/deploy/LoadBalancing/Master/bin/ExitGamesLibs.DLL
2021-05-30 16:43:52,147 [ 1] INFO  PhotonHostRuntime.PhotonDomainManager - Starting: name = 'Master', assemblyName = 'Photon.LoadBalancing', typeName = 'Photon.LoadBalancing.MasterServer.MasterApplication'
2021-05-30 16:43:52,148 [ 1] INFO  PhotonHostRuntime.PhotonDomainManager - CreateAppDomain: name = 'Game' , assemblyName = 'Photon.LoadBalancing'
2021-05-30 16:43:52,148 [ 1] INFO  PhotonHostRuntime.PhotonDomainManager -   ApplicationBase = 'C:\Users\SRHD\Desktop\Git\ServerWk2\Photon-OnPremise-Server-Plugin-SDK_v4-0-29-11263\deploy'
2021-05-30 16:43:52,149 [ 1] INFO  PhotonHostRuntime.PhotonDomainManager -   PrivateBinPath = 'C:\Users\SRHD\Desktop\Git\ServerWk2\Photon-OnPremise-Server-Plugin-SDK_v4-0-29-11263\deploy\LoadBalancing\GameServer\bin;bin_Win64;Shared;'
2021-05-30 16:43:52,149 [ 1] INFO  PhotonHostRuntime.PhotonDomainManager -   ConfigurationFile = 'C:\Users\SRHD\Desktop\Git\ServerWk2\Photon-OnPremise-Server-Plugin-SDK_v4-0-29-11263\deploy\LoadBalancing\GameServer\bin\Photon.LoadBalancing.dll.config'
2021-05-30 16:43:52,149 [ 1] INFO  PhotonHostRuntime.PhotonDomainManager -   CachePath = 'C:\Users\SRHD\Desktop\Git\ServerWk2\Photon-OnPremise-Server-Plugin-SDK_v4-0-29-11263\deploy\LoadBalancing\GameServer\bin\Cache'
2021-05-30 16:43:52,292 [ 1] INFO  PhotonHostRuntime.PhotonDomainManager -   ApplicationPath = 'C:\Users\SRHD\Desktop\Git\ServerWk2\Photon-OnPremise-Server-Plugin-SDK_v4-0-29-11263\deploy\LoadBalancing\GameServer'
2021-05-30 16:43:52,292 [ 1] INFO  PhotonHostRuntime.PhotonDomainManager -   BinaryPath = 'C:\Users\SRHD\Desktop\Git\ServerWk2\Photon-OnPremise-Server-Plugin-SDK_v4-0-29-11263\deploy\LoadBalancing\GameServer\bin'
2021-05-30 16:43:52,292 [ 1] INFO  PhotonHostRuntime.PhotonDomainManager -   ApplicationRootPath = 'C:\Users\SRHD\Desktop\Git\ServerWk2\Photon-OnPremise-Server-Plugin-SDK_v4-0-29-11263\deploy'
2021-05-30 16:43:52,292 [ 1] INFO  PhotonHostRuntime.PhotonDomainManager -   UnmanagedLogPath = 'C:\Users\SRHD\Desktop\Git\ServerWk2\Photon-OnPremise-Server-Plugin-SDK_v4-0-29-11263\deploy\bin_Win64\log'
2021-05-30 16:43:52,366 [ 1] INFO  PhotonHostRuntime.PhotonDomainManager - AssemblyLoadEvent: Photon.LoadBalancing, Version=4.0.28.11221, Culture=neutral, PublicKeyToken=null from file:///C:/Users/SRHD/Desktop/Git/ServerWk2/Photon-OnPremise-Server-Plugin-SDK_v4-0-29-11263/deploy/LoadBalancing/GameServer/bin/Photon.LoadBalancing.DLL
2021-05-30 16:43:52,367 [ 1] INFO  PhotonHostRuntime.PhotonDomainManager - Photon SDK:4.0.28.11245
2021-05-30 16:43:52,435 [ 1] INFO  PhotonHostRuntime.PhotonDomainManager - AssemblyLoadEvent: Photon.SocketServer, Version=4.0.28.11245, Culture=neutral, PublicKeyToken=48c2fa3b6988090e from file:///C:/Users/SRHD/Desktop/Git/ServerWk2/Photon-OnPremise-Server-Plugin-SDK_v4-0-29-11263/deploy/LoadBalancing/GameServer/bin/Photon.SocketServer.DLL
2021-05-30 16:43:52,485 [ 1] INFO  PhotonHostRuntime.PhotonDomainManager - AssemblyLoadEvent: Photon.Common, Version=4.0.28.11221, Culture=neutral, PublicKeyToken=null from file:///C:/Users/SRHD/Desktop/Git/ServerWk2/Photon-OnPremise-Server-Plugin-SDK_v4-0-29-11263/deploy/LoadBalancing/GameServer/bin/Photon.Common.DLL
2021-05-30 16:43:52,534 [ 1] INFO  PhotonHostRuntime.PhotonDomainManager - AssemblyLoadEvent: ExitGamesLibs, Version=1.0.4.0, Culture=neutral, PublicKeyToken=eac0edd9746a4aa0 from file:///C:/Users/SRHD/Desktop/Git/ServerWk2/Photon-OnPremise-Server-Plugin-SDK_v4-0-29-11263/deploy/LoadBalancing/GameServer/bin/ExitGamesLibs.DLL
2021-05-30 16:43:52,592 [ 1] INFO  PhotonHostRuntime.PhotonDomainManager - AssemblyLoadEvent: PhotonHive, Version=4.0.28.11221, Culture=neutral, PublicKeyToken=null from file:///C:/Users/SRHD/Desktop/Git/ServerWk2/Photon-OnPremise-Server-Plugin-SDK_v4-0-29-11263/deploy/LoadBalancing/GameServer/bin/PhotonHive.DLL
2021-05-30 16:43:52,616 [ 1] INFO  PhotonHostRuntime.PhotonDomainManager - Starting: name = 'Game', assemblyName = 'Photon.LoadBalancing', typeName = 'Photon.LoadBalancing.GameServer.GameApplication'
2021-05-30 16:43:52,616 [ 1] INFO  PhotonHostRuntime.PhotonDomainManager - CreateAppDomain: name = 'CounterPublisher' , assemblyName = 'CounterPublisher'
2021-05-30 16:43:52,617 [ 1] INFO  PhotonHostRuntime.PhotonDomainManager -   ApplicationBase = 'C:\Users\SRHD\Desktop\Git\ServerWk2\Photon-OnPremise-Server-Plugin-SDK_v4-0-29-11263\deploy'
2021-05-30 16:43:52,617 [ 1] INFO  PhotonHostRuntime.PhotonDomainManager -   PrivateBinPath = 'C:\Users\SRHD\Desktop\Git\ServerWk2\Photon-OnPremise-Server-Plugin-SDK_v4-0-29-11263\deploy\CounterPublisher\bin;bin_Win64;Shared;'
2021-05-30 16:43:52,617 [ 1] INFO  PhotonHostRuntime.PhotonDomainManager -   ConfigurationFile = 'C:\Users\SRHD\Desktop\Git\ServerWk2\Photon-OnPremise-Server-Plugin-SDK_v4-0-29-11263\deploy\CounterPublisher\bin\CounterPublisher.dll.config'
2021-05-30 16:43:52,617 [ 1] INFO  PhotonHostRuntime.PhotonDomainManager -   CachePath = 'C:\Users\SRHD\Desktop\Git\ServerWk2\Photon-OnPremise-Server-Plugin-SDK_v4-0-29-11263\deploy\CounterPublisher\bin\Cache'
2021-05-30 16:43:52,752 [ 1] INFO  PhotonHostRuntime.PhotonDomainManager -   ApplicationPath = 'C:\Users\SRHD\Desktop\Git\ServerWk2\Photon-OnPremise-Server-Plugin-SDK_v4-0-29-11263\deploy\CounterPublisher'
2021-05-30 16:43:52,752 [ 1] INFO  PhotonHostRuntime.PhotonDomainManager -   BinaryPath = 'C:\Users\SRHD\Desktop\Git\ServerWk2\Photon-OnPremise-Server-Plugin-SDK_v4-0-29-11263\deploy\CounterPublisher\bin'
2021-05-30 16:43:52,752 [ 1] INFO  PhotonHostRuntime.PhotonDomainManager -   ApplicationRootPath = 'C:\Users\SRHD\Desktop\Git\ServerWk2\Photon-OnPremise-Server-Plugin-SDK_v4-0-29-11263\deploy'
2021-05-30 16:43:52,753 [ 1] INFO  PhotonHostRuntime.PhotonDomainManager -   UnmanagedLogPath = 'C:\Users\SRHD\Desktop\Git\ServerWk2\Photon-OnPremise-Server-Plugin-SDK_v4-0-29-11263\deploy\bin_Win64\log'
2021-05-30 16:43:52,805 [ 1] INFO  PhotonHostRuntime.PhotonDomainManager - AssemblyLoadEvent: CounterPublisher, Version=4.0.28.11221, Culture=neutral, PublicKeyToken=null from file:///C:/Users/SRHD/Desktop/Git/ServerWk2/Photon-OnPremise-Server-Plugin-SDK_v4-0-29-11263/deploy/CounterPublisher/bin/CounterPublisher.DLL
2021-05-30 16:43:52,806 [ 1] INFO  PhotonHostRuntime.PhotonDomainManager - Photon SDK:4.0.28.11245
2021-05-30 16:43:52,872 [ 1] INFO  PhotonHostRuntime.PhotonDomainManager - AssemblyLoadEvent: Photon.SocketServer, Version=4.0.28.11245, Culture=neutral, PublicKeyToken=48c2fa3b6988090e from file:///C:/Users/SRHD/Desktop/Git/ServerWk2/Photon-OnPremise-Server-Plugin-SDK_v4-0-29-11263/deploy/CounterPublisher/bin/Photon.SocketServer.DLL
2021-05-30 16:43:52,913 [ 1] INFO  PhotonHostRuntime.PhotonDomainManager - AssemblyLoadEvent: ExitGamesLibs, Version=1.0.4.0, Culture=neutral, PublicKeyToken=eac0edd9746a4aa0 from file:///C:/Users/SRHD/Desktop/Git/ServerWk2/Photon-OnPremise-Server-Plugin-SDK_v4-0-29-11263/deploy/CounterPublisher/bin/ExitGamesLibs.DLL
2021-05-30 16:43:52,917 [ 1] INFO  PhotonHostRuntime.PhotonDomainManager - Starting: name = 'CounterPublisher', assemblyName = 'CounterPublisher', typeName = 'Photon.CounterPublisher.Application'
2021-05-30 16:43:52,946 [ 1] INFO  PhotonHostRuntime.PhotonDomainManager - PhotonRunning: ApplicationName = 'CounterPublisher', DomainId='4' -- calling Application.Setup
2021-05-30 16:43:52,974 [ 1] INFO  PhotonHostRuntime.PhotonDomainManager - AssemblyLoadEvent: ExitGames.Logging.Log4Net, Version=1.0.4.0, Culture=neutral, PublicKeyToken=eac0edd9746a4aa0 from file:///C:/Users/SRHD/Desktop/Git/ServerWk2/Photon-OnPremise-Server-Plugin-SDK_v4-0-29-11263/deploy/CounterPublisher/bin/ExitGames.Logging.Log4Net.DLL
2021-05-30 16:43:58,063 [ 1] INFO  PhotonHostRuntime.PhotonDomainManager - PhotonRunning: ApplicationName = 'Game', DomainId='3' -- calling Application.Setup
2021-05-30 16:43:58,073 [ 1] INFO  PhotonHostRuntime.PhotonDomainManager - AssemblyLoadEvent: ExitGames.Logging.Log4Net, Version=1.0.4.0, Culture=neutral, PublicKeyToken=eac0edd9746a4aa0 from file:///C:/Users/SRHD/Desktop/Git/ServerWk2/Photon-OnPremise-Server-Plugin-SDK_v4-0-29-11263/deploy/LoadBalancing/GameServer/bin/ExitGames.Logging.Log4Net.DLL
2021-05-30 16:43:58,180 [ 1] INFO  PhotonHostRuntime.PhotonDomainManager - AssemblyLoadEvent: PhotonHivePlugin, Version=1.0.15.11060, Culture=neutral, PublicKeyToken=null from file:///C:/Users/SRHD/Desktop/Git/ServerWk2/Photon-OnPremise-Server-Plugin-SDK_v4-0-29-11263/deploy/LoadBalancing/GameServer/bin/PhotonHivePlugin.DLL
2021-05-30 16:43:58,187 [ 1] INFO  PhotonHostRuntime.PhotonDomainManager - AssemblyLoadEvent: MyFirstPlugin, Version=1.0.0.0, Culture=neutral, PublicKeyToken=null from file:///C:/Users/SRHD/Desktop/Git/ServerWk2/Photon-OnPremise-Server-Plugin-SDK_v4-0-29-11263/deploy/Plugins/MyFirstPlugin/bin/MyFirstPlugin.dll
2021-05-30 16:43:58,439 [ 1] INFO  PhotonHostRuntime.PhotonDomainManager - PhotonRunning: ApplicationName = 'Master', DomainId='2' -- calling Application.Setup
2021-05-30 16:43:58,490 [ 1] INFO  PhotonHostRuntime.PhotonDomainManager - AssemblyLoadEvent: Photon.Common, Version=4.0.28.11221, Culture=neutral, PublicKeyToken=null from file:///C:/Users/SRHD/Desktop/Git/ServerWk2/Photon-OnPremise-Server-Plugin-SDK_v4-0-29-11263/deploy/LoadBalancing/Master/bin/Photon.Common.DLL
2021-05-30 16:43:58,497 [ 1] INFO  PhotonHostRuntime.PhotonDomainManager - AssemblyLoadEvent: ExitGames.Logging.Log4Net, Version=1.0.4.0, Culture=neutral, PublicKeyToken=eac0edd9746a4aa0 from file:///C:/Users/SRHD/Desktop/Git/ServerWk2/Photon-OnPremise-Server-Plugin-SDK_v4-0-29-11263/deploy/LoadBalancing/Master/bin/ExitGames.Logging.Log4Net.DLL
2021-05-30 16:43:58,827 [ 1] INFO  PhotonHostRuntime.PhotonDomainManager - AssemblyLoadEvent: PhotonHive, Version=4.0.28.11221, Culture=neutral, PublicKeyToken=null from file:///C:/Users/SRHD/Desktop/Git/ServerWk2/Photon-OnPremise-Server-Plugin-SDK_v4-0-29-11263/deploy/LoadBalancing/Master/bin/PhotonHive.DLL
2021-05-30 16:43:58,903 [ 1] INFO  PhotonHostRuntime.PhotonDomainManager - AssemblyLoadEvent: ServiceStack.Redis, Version=3.9.71.0, Culture=neutral, PublicKeyToken=null from file:///C:/Users/SRHD/Desktop/Git/ServerWk2/Photon-OnPremise-Server-Plugin-SDK_v4-0-29-11263/deploy/LoadBalancing/Master/bin/ServiceStack.Redis.DLL
2021-05-30 16:43:58,944 [ 1] INFO  PhotonHostRuntime.PhotonDomainManager - AssemblyLoadEvent: ServiceStack.Interfaces, Version=1.0.0.0, Culture=neutral, PublicKeyToken=null from file:///C:/Users/SRHD/Desktop/Git/ServerWk2/Photon-OnPremise-Server-Plugin-SDK_v4-0-29-11263/deploy/LoadBalancing/Master/bin/ServiceStack.Interfaces.DLL
2021-05-30 16:43:58,954 [ 1] INFO  PhotonHostRuntime.PhotonDomainManager - AssemblyLoadEvent: System.Web, Version=4.0.0.0, Culture=neutral, PublicKeyToken=b03f5f7f11d50a3a from file:///C:/Windows/Microsoft.Net/assembly/GAC_64/System.Web/v4.0_4.0.0.0__b03f5f7f11d50a3a/System.Web.dll
2021-05-30 16:43:59,334 [ 1] INFO  PhotonHostRuntime.PhotonDomainManager - PhotonRunning: ApplicationName = 'DefaultDomain', DomainId='1'
2021-05-30 16:43:59,381 [15] INFO  PhotonHostRuntime.PhotonDomainManager - AssemblyLoadEvent: PhotonHivePlugin, Version=1.0.15.11060, Culture=neutral, PublicKeyToken=null from file:///C:/Users/SRHD/Desktop/Git/ServerWk2/Photon-OnPremise-Server-Plugin-SDK_v4-0-29-11263/deploy/LoadBalancing/Master/bin/PhotonHivePlugin.DLL
