2021-05-30 16:43:58,555 [1] INFO  Photon.LoadBalancing.MasterServer.MasterApplication - TokenCreator intialized with an expiration of 02:46:40
2021-05-30 16:43:58,761 [1] INFO  Photon.SocketServer.Diagnostics.HttpQueuePerformanceCounters - HTTP Queue performance counters successfully initialized
2021-05-30 16:43:58,761 [1] INFO  Photon.SocketServer.Diagnostics.HttpQueuePerformanceCounters - Internal HTTP Queue performance counters successfully created
2021-05-30 16:43:58,762 [1] INFO  Photon.Common.Authentication.Diagnostic.CustomAuthResultCounters - Start to initialize Photon: Custom Authentication Results performance counters
2021-05-30 16:43:58,764 [1] INFO  Photon.Common.Authentication.Diagnostic.CustomAuthResultCounters - Photon: Custom Authentication Results performance counters successfully initialized
2021-05-30 16:43:58,772 [1] WARN  Photon.Common.LoadBalancer.LoadBalancer`1 - Could not initialize LoadBalancer from configuration: Invalid configuration file C:\Users\SRHD\Desktop\Git\ServerWk2\Photon-OnPremise-Server-Plugin-SDK_v4-0-29-11263\deploy\LoadBalancer.config. Using default settings... (Could not find file 'C:\Users\SRHD\Desktop\Git\ServerWk2\Photon-OnPremise-Server-Plugin-SDK_v4-0-29-11263\deploy\LoadBalancer.config'.)
2021-05-30 16:43:58,841 [1] INFO  Photon.LoadBalancing.MasterServer.GameApplication - TokenCreator intialized with an expiration of 02:46:40
2021-05-30 16:43:58,845 [1] INFO  Photon.LoadBalancing.MasterServer.GameApplication - Plugin configured: name=WebHooksPlugin1.2
2021-05-30 16:43:58,846 [1] INFO  Photon.LoadBalancing.MasterServer.GameApplication - 	Attribute: BaseUrl=http://photon-photon-pluginsdk-v1.webscript.io
2021-05-30 16:43:58,846 [1] INFO  Photon.LoadBalancing.MasterServer.GameApplication - 	Attribute: IsPersistent=true
2021-05-30 16:43:58,846 [1] INFO  Photon.LoadBalancing.MasterServer.GameApplication - 	Attribute: HasErrorInfo=true
2021-05-30 16:43:58,846 [1] INFO  Photon.LoadBalancing.MasterServer.GameApplication - 	Attribute: PathClose=GameClose
2021-05-30 16:43:58,846 [1] INFO  Photon.LoadBalancing.MasterServer.GameApplication - 	Attribute: PathCreate=GameCreate
2021-05-30 16:43:58,846 [1] INFO  Photon.LoadBalancing.MasterServer.GameApplication - 	Attribute: PathEvent=GameEvent
2021-05-30 16:43:58,847 [1] INFO  Photon.LoadBalancing.MasterServer.GameApplication - 	Attribute: PathGameProperties=GameProperties
2021-05-30 16:43:58,847 [1] INFO  Photon.LoadBalancing.MasterServer.GameApplication - 	Attribute: PathJoin=GameJoin
2021-05-30 16:43:58,847 [1] INFO  Photon.LoadBalancing.MasterServer.GameApplication - 	Attribute: PathLeave=GameLeave
2021-05-30 16:43:58,847 [1] INFO  Photon.LoadBalancing.MasterServer.GameApplication - 	Attribute: PathLoad=GameCreate
2021-05-30 16:43:58,947 [1] INFO  Photon.LoadBalancing.MasterServer.GameApplication - Application {Default}/{Default} starts without Redis
2021-05-30 16:43:59,313 [1] INFO  Photon.LoadBalancing.Common.NodesReader - Import nodes
2021-05-30 16:43:59,314 [1] WARN  Photon.LoadBalancing.Common.NodesReader - C:\Users\SRHD\Desktop\Git\ServerWk2\Photon-OnPremise-Server-Plugin-SDK_v4-0-29-11263\deploy\Nodes.txt does not exist, CurrentNodeId = 0
2021-05-30 16:43:59,314 [1] INFO  Photon.LoadBalancing.Common.NodesReader - Watching C:\Users\SRHD\Desktop\Git\ServerWk2\Photon-OnPremise-Server-Plugin-SDK_v4-0-29-11263\deploy\Nodes.txt
2021-05-30 16:43:59,314 [1] INFO  Photon.LoadBalancing.MasterServer.MasterApplication - Current Node (nodeId=0) is the active master (leader)
2021-05-30 16:43:59,315 [1] INFO  Photon.SocketServer.ApplicationBase - Application start: AppId=Master; AppPath=C:\Users\SRHD\Desktop\Git\ServerWk2\Photon-OnPremise-Server-Plugin-SDK_v4-0-29-11263\deploy\LoadBalancing\Master, Type=Photon.LoadBalancing.MasterServer.MasterApplication 
2021-05-30 16:43:59,333 [1] INFO  Photon.SocketServer.Diagnostics.CounterPublisher - CounterPublisher started publishing ExitGames.Diagnostics.Monitoring.CounterSamplePublisher to ExitGames.Diagnostics.Monitoring.CounterSampleSender
2021-05-30 16:43:59,350 [15] INFO  Photon.LoadBalancing.MasterServer.GameServer.IncomingGameServerPeer - game server connection from 127.0.0.1:56517 established (id=2)
2021-05-30 16:43:59,423 [15] WARN  Photon.LoadBalancing.Common.NodesReader - Internal address for node 0 unknown; using loop back
2021-05-30 16:43:59,423 [15] INFO  Photon.LoadBalancing.Common.NodesReader - Node added: 0 = 127.0.0.1
